2024.03.26 17:42:26 INFO  Started: Metals version 1.2.2 in folders '/Users/gukbeomlee/projects/zio-quickstart' for client Visual Studio Code 1.87.2.[0m
17:42:26.396 [pool-1-thread-1] INFO org.flywaydb.core.internal.license.VersionPrinter -- Flyway Community Edition 9.22.3 by Redgate
17:42:26.397 [pool-1-thread-1] INFO org.flywaydb.core.internal.license.VersionPrinter -- See release notes here: https://rd.gt/416ObMi
17:42:26.397 [pool-1-thread-1] INFO org.flywaydb.core.internal.license.VersionPrinter -- 
17:42:26.398 [pool-1-thread-1] DEBUG org.flywaydb.core.internal.scanner.classpath.ClassPathScanner -- Scanning for classpath resources at 'classpath:db/callback' ...
17:42:26.398 [pool-1-thread-1] DEBUG org.flywaydb.core.internal.scanner.classpath.ClassPathScanner -- Determining location urls for classpath:db/callback using ClassLoader jdk.internal.loader.ClassLoaders$AppClassLoader@67424e82 ...
17:42:26.398 [pool-1-thread-1] DEBUG org.flywaydb.core.internal.scanner.classpath.ClassPathScanner -- Unable to resolve location classpath:db/callback.
17:42:26.398 [pool-1-thread-1] DEBUG org.flywaydb.core.internal.scanner.classpath.ClassPathScanner -- Scanning for classpath resources at 'classpath:db/migration' ...
17:42:26.398 [pool-1-thread-1] DEBUG org.flywaydb.core.internal.scanner.classpath.ClassPathScanner -- Determining location urls for classpath:db/migration using ClassLoader jdk.internal.loader.ClassLoaders$AppClassLoader@67424e82 ...
17:42:26.398 [pool-1-thread-1] DEBUG org.flywaydb.core.internal.scanner.classpath.ClassPathScanner -- Scanning URL: jar:file:/Users/gukbeomlee/Library/Caches/Coursier/v1/https/repo1.maven.org/maven2/org/scalameta/metals_2.13/1.2.2/metals_2.13-1.2.2.jar!/db/migration
17:42:26.400 [pool-1-thread-1] DEBUG org.flywaydb.core.internal.scanner.classpath.ClassPathScanner -- Found resource: db/migration/
17:42:26.400 [pool-1-thread-1] DEBUG org.flywaydb.core.internal.scanner.classpath.ClassPathScanner -- Found resource: db/migration/V1__Create_tables.sql
17:42:26.400 [pool-1-thread-1] DEBUG org.flywaydb.core.internal.scanner.classpath.ClassPathScanner -- Found resource: db/migration/V2__Server_discovery.sql
17:42:26.400 [pool-1-thread-1] DEBUG org.flywaydb.core.internal.scanner.classpath.ClassPathScanner -- Found resource: db/migration/V3__Jar_symbols.sql
17:42:26.400 [pool-1-thread-1] DEBUG org.flywaydb.core.internal.scanner.classpath.ClassPathScanner -- Found resource: db/migration/V4__Fingerprints.sql
17:42:26.400 [pool-1-thread-1] DEBUG org.flywaydb.core.internal.scanner.classpath.ClassPathScanner -- Scanning for classes at classpath:db/migration
17:42:26.401 [pool-1-thread-1] DEBUG org.flywaydb.core.internal.scanner.Scanner -- Filtering out resource: db/migration/ (filename: )
17:42:26.401 [pool-1-thread-1] DEBUG org.flywaydb.core.internal.resource.ResourceNameValidator -- Validating V3__Jar_symbols.sql
17:42:26.402 [pool-1-thread-1] DEBUG org.flywaydb.core.internal.resource.ResourceNameValidator -- Validating V2__Server_discovery.sql
17:42:26.402 [pool-1-thread-1] DEBUG org.flywaydb.core.internal.resource.ResourceNameValidator -- Validating V1__Create_tables.sql
17:42:26.402 [pool-1-thread-1] DEBUG org.flywaydb.core.internal.resource.ResourceNameValidator -- Validating V4__Fingerprints.sql
17:42:26.449 [pool-1-thread-1] INFO org.flywaydb.core.FlywayExecutor -- Database: jdbc:h2:file:/Users/gukbeomlee/projects/zio-quickstart/.metals/metals (H2 2.2)
17:42:26.449 [pool-1-thread-1] DEBUG org.flywaydb.core.FlywayExecutor -- Driver: H2 JDBC Driver 2.2.224 (2023-09-17)
17:42:26.449 [pool-1-thread-1] DEBUG org.flywaydb.core.FlywayExecutor -- DDL Transactions Supported: false
17:42:26.450 [pool-1-thread-1] DEBUG org.flywaydb.core.internal.schemahistory.SchemaHistoryFactory -- Schemas: 
17:42:26.450 [pool-1-thread-1] DEBUG org.flywaydb.core.internal.schemahistory.SchemaHistoryFactory -- Default schema: null
17:42:26.451 [pool-1-thread-1] WARN org.flywaydb.core.internal.database.base.Database -- Flyway upgrade recommended: H2 2.2.224 is newer than this version of Flyway and support has not been tested. The latest supported version of H2 is 2.2.220.
17:42:26.452 [pool-1-thread-1] DEBUG org.flywaydb.core.internal.callback.SqlScriptCallbackFactory -- Scanning for SQL callbacks ...
17:42:26.452 [pool-1-thread-1] DEBUG org.flywaydb.core.internal.scanner.Scanner -- Filtering out resource: db/migration/ (filename: )
17:42:26.454 [pool-1-thread-1] DEBUG org.flywaydb.core.internal.command.DbValidate -- Validating migrations ...
17:42:26.455 [pool-1-thread-1] DEBUG org.flywaydb.core.internal.scanner.Scanner -- Filtering out resource: db/migration/ (filename: )
17:42:26.458 [pool-1-thread-1] DEBUG org.flywaydb.core.internal.scanner.Scanner -- Filtering out resource: db/migration/V3__Jar_symbols.sql (filename: V3__Jar_symbols.sql)
17:42:26.458 [pool-1-thread-1] DEBUG org.flywaydb.core.internal.scanner.Scanner -- Filtering out resource: db/migration/ (filename: )
17:42:26.458 [pool-1-thread-1] DEBUG org.flywaydb.core.internal.scanner.Scanner -- Filtering out resource: db/migration/V2__Server_discovery.sql (filename: V2__Server_discovery.sql)
17:42:26.458 [pool-1-thread-1] DEBUG org.flywaydb.core.internal.scanner.Scanner -- Filtering out resource: db/migration/V1__Create_tables.sql (filename: V1__Create_tables.sql)
17:42:26.458 [pool-1-thread-1] DEBUG org.flywaydb.core.internal.scanner.Scanner -- Filtering out resource: db/migration/V4__Fingerprints.sql (filename: V4__Fingerprints.sql)
17:42:26.458 [pool-1-thread-1] DEBUG org.flywaydb.core.internal.scanner.Scanner -- Filtering out resource: db/migration/V3__Jar_symbols.sql (filename: V3__Jar_symbols.sql)
17:42:26.458 [pool-1-thread-1] DEBUG org.flywaydb.core.internal.scanner.Scanner -- Filtering out resource: db/migration/ (filename: )
17:42:26.458 [pool-1-thread-1] DEBUG org.flywaydb.core.internal.scanner.Scanner -- Filtering out resource: db/migration/V2__Server_discovery.sql (filename: V2__Server_discovery.sql)
17:42:26.458 [pool-1-thread-1] DEBUG org.flywaydb.core.internal.scanner.Scanner -- Filtering out resource: db/migration/V1__Create_tables.sql (filename: V1__Create_tables.sql)
17:42:26.458 [pool-1-thread-1] DEBUG org.flywaydb.core.internal.scanner.Scanner -- Filtering out resource: db/migration/V4__Fingerprints.sql (filename: V4__Fingerprints.sql)
17:42:26.459 [pool-1-thread-1] INFO org.flywaydb.core.internal.schemahistory.JdbcTableSchemaHistory -- Schema history table "PUBLIC"."flyway_schema_history" does not exist yet
17:42:26.460 [pool-1-thread-1] INFO org.flywaydb.core.internal.command.DbValidate -- Successfully validated 4 migrations (execution time 00:00.005s)
17:42:26.460 [pool-1-thread-1] DEBUG org.flywaydb.core.internal.command.DbSchemas -- Skipping creation of existing schema: "PUBLIC"
17:42:26.462 [pool-1-thread-1] INFO org.flywaydb.core.internal.schemahistory.JdbcTableSchemaHistory -- Creating Schema History table "PUBLIC"."flyway_schema_history" ...
17:42:26.462 [pool-1-thread-1] DEBUG org.flywaydb.core.internal.parser.Parser -- Parsing  ...
17:42:26.465 [pool-1-thread-1] DEBUG org.flywaydb.core.internal.sqlscript.ParserSqlScript -- Found statement at line 1: CREATE TABLE IF NOT EXISTS "PUBLIC"."flyway_schema_history" (
    "installed_rank" INT NOT NULL,
    "version" VARCHAR(50),
    "description" VARCHAR(200) NOT NULL,
    "type" VARCHAR(20) NOT NULL,
    "script" VARCHAR(1000) NOT NULL,
    "checksum" INT,
    "installed_by" VARCHAR(100) NOT NULL,
    "installed_on" TIMESTAMP NOT NULL DEFAULT CURRENT_TIMESTAMP,
    "execution_time" INT NOT NULL,
    "success" BOOLEAN NOT NULL,
    CONSTRAINT "flyway_schema_history_pk" PRIMARY KEY ("installed_rank")
) AS SELECT -1, NULL, '<< Flyway Schema History table created >>', 'TABLE', '', NULL, 'SA', CURRENT_TIMESTAMP, 0, TRUE
17:42:26.466 [pool-1-thread-1] DEBUG org.flywaydb.core.internal.sqlscript.ParserSqlScript -- Found statement at line 14: CREATE INDEX "PUBLIC"."flyway_schema_history_s_idx" ON "PUBLIC"."flyway_schema_history" ("success")
17:42:26.466 [pool-1-thread-1] DEBUG org.flywaydb.core.internal.sqlscript.DefaultSqlScriptExecutor -- Executing SQL: CREATE TABLE IF NOT EXISTS "PUBLIC"."flyway_schema_history" (
    "installed_rank" INT NOT NULL,
    "version" VARCHAR(50),
    "description" VARCHAR(200) NOT NULL,
    "type" VARCHAR(20) NOT NULL,
    "script" VARCHAR(1000) NOT NULL,
    "checksum" INT,
    "installed_by" VARCHAR(100) NOT NULL,
    "installed_on" TIMESTAMP NOT NULL DEFAULT CURRENT_TIMESTAMP,
    "execution_time" INT NOT NULL,
    "success" BOOLEAN NOT NULL,
    CONSTRAINT "flyway_schema_history_pk" PRIMARY KEY ("installed_rank")
) AS SELECT -1, NULL, '<< Flyway Schema History table created >>', 'TABLE', '', NULL, 'SA', CURRENT_TIMESTAMP, 0, TRUE
17:42:26.467 [pool-1-thread-1] DEBUG org.flywaydb.core.internal.sqlscript.DefaultSqlScriptExecutor -- 0 rows affected
17:42:26.467 [pool-1-thread-1] DEBUG org.flywaydb.core.internal.sqlscript.DefaultSqlScriptExecutor -- Executing SQL: CREATE INDEX "PUBLIC"."flyway_schema_history_s_idx" ON "PUBLIC"."flyway_schema_history" ("success")
17:42:26.468 [pool-1-thread-1] DEBUG org.flywaydb.core.internal.sqlscript.DefaultSqlScriptExecutor -- 0 rows affected
17:42:26.468 [pool-1-thread-1] DEBUG org.flywaydb.core.internal.schemahistory.JdbcTableSchemaHistory -- Created Schema History table "PUBLIC"."flyway_schema_history"
17:42:26.470 [pool-1-thread-1] INFO org.flywaydb.core.internal.command.DbMigrate -- Current version of schema "PUBLIC": << Empty Schema >>
17:42:26.470 [pool-1-thread-1] DEBUG org.flywaydb.core.internal.parser.Parser -- Parsing V1__Create_tables.sql ...
17:42:26.470 [pool-1-thread-1] DEBUG org.flywaydb.core.internal.sqlscript.ParserSqlScript -- Found statement at line 4: -- The relationship between library dependency sources under .metals/readonly/**
-- and build targets they belong to. Required to know what classpath to use
-- for compiling dependency sources.
create table dependency_source(
  text_document_uri varchar primary key,
  build_target_uri varchar not null
)
17:42:26.471 [pool-1-thread-1] DEBUG org.flywaydb.core.internal.sqlscript.ParserSqlScript -- Found statement at line 12: -- The relationship between library dependency sources under .metals/readonly/**
-- and worksheets they belong to. Required to know what classpath to use
-- for compiling dependency sources.
create table worksheet_dependency_source(
  text_document_uri varchar primary key,
  worksheet_uri varchar not null
)
17:42:26.471 [pool-1-thread-1] DEBUG org.flywaydb.core.internal.sqlscript.ParserSqlScript -- Found statement at line 19: -- The relationship between what library dependency sources under .metals/readonly/**
-- map to which build targets.
create table sbt_digest(
  md5 varchar,
  status tinyint not null,
  when_recorded timestamp
)
17:42:26.471 [pool-1-thread-1] DEBUG org.flywaydb.core.internal.sqlscript.ParserSqlScript -- Found statement at line 27: -- Which window/showMessage and window/showMessageRequest dialogues have been dismissed
-- by the user via "Don't show again" or closed by clicking on "x".
create table dismissed_notification(
  id int,
  when_dismissed timestamp,
  when_expires timestamp
)
17:42:26.471 [pool-1-thread-1] DEBUG org.flywaydb.core.internal.sqlscript.ParserSqlScript -- Found statement at line 34: -- The choice of build tool when multiple build tool files are found in a workspace
create table chosen_build_tool(
  build_tool varchar primary key
)
17:42:26.472 [pool-1-thread-1] DEBUG org.flywaydb.core.internal.command.DbMigrate -- Starting migration of schema "PUBLIC" to version "1 - Create tables" ...
17:42:26.472 [pool-1-thread-1] INFO org.flywaydb.core.internal.command.DbMigrate -- Migrating schema "PUBLIC" to version "1 - Create tables"
17:42:26.473 [pool-1-thread-1] DEBUG org.flywaydb.core.internal.sqlscript.DefaultSqlScriptExecutor -- Executing SQL: -- The relationship between library dependency sources under .metals/readonly/**
-- and build targets they belong to. Required to know what classpath to use
-- for compiling dependency sources.
create table dependency_source(
  text_document_uri varchar primary key,
  build_target_uri varchar not null
)
17:42:26.474 [pool-1-thread-1] DEBUG org.flywaydb.core.internal.sqlscript.DefaultSqlScriptExecutor -- 0 rows affected
17:42:26.474 [pool-1-thread-1] DEBUG org.flywaydb.core.internal.sqlscript.DefaultSqlScriptExecutor -- Executing SQL: -- The relationship between library dependency sources under .metals/readonly/**
-- and worksheets they belong to. Required to know what classpath to use
-- for compiling dependency sources.
create table worksheet_dependency_source(
  text_document_uri varchar primary key,
  worksheet_uri varchar not null
)
17:42:26.475 [pool-1-thread-1] DEBUG org.flywaydb.core.internal.sqlscript.DefaultSqlScriptExecutor -- 0 rows affected
17:42:26.475 [pool-1-thread-1] DEBUG org.flywaydb.core.internal.sqlscript.DefaultSqlScriptExecutor -- Executing SQL: -- The relationship between what library dependency sources under .metals/readonly/**
-- map to which build targets.
create table sbt_digest(
  md5 varchar,
  status tinyint not null,
  when_recorded timestamp
)
17:42:26.475 [pool-1-thread-1] DEBUG org.flywaydb.core.internal.sqlscript.DefaultSqlScriptExecutor -- 0 rows affected
17:42:26.475 [pool-1-thread-1] DEBUG org.flywaydb.core.internal.sqlscript.DefaultSqlScriptExecutor -- Executing SQL: -- Which window/showMessage and window/showMessageRequest dialogues have been dismissed
-- by the user via "Don't show again" or closed by clicking on "x".
create table dismissed_notification(
  id int,
  when_dismissed timestamp,
  when_expires timestamp
)
17:42:26.475 [pool-1-thread-1] DEBUG org.flywaydb.core.internal.sqlscript.DefaultSqlScriptExecutor -- 0 rows affected
17:42:26.475 [pool-1-thread-1] DEBUG org.flywaydb.core.internal.sqlscript.DefaultSqlScriptExecutor -- Executing SQL: -- The choice of build tool when multiple build tool files are found in a workspace
create table chosen_build_tool(
  build_tool varchar primary key
)
17:42:26.476 [pool-1-thread-1] DEBUG org.flywaydb.core.internal.sqlscript.DefaultSqlScriptExecutor -- 0 rows affected
17:42:26.476 [pool-1-thread-1] DEBUG org.flywaydb.core.internal.command.DbMigrate -- Successfully completed migration of schema "PUBLIC" to version "1 - Create tables"
17:42:26.476 [pool-1-thread-1] DEBUG org.flywaydb.core.internal.schemahistory.JdbcTableSchemaHistory -- Schema History table "PUBLIC"."flyway_schema_history" successfully updated to reflect changes
17:42:26.478 [pool-1-thread-1] DEBUG org.flywaydb.core.internal.parser.Parser -- Parsing V2__Server_discovery.sql ...
17:42:26.479 [pool-1-thread-1] DEBUG org.flywaydb.core.internal.sqlscript.ParserSqlScript -- Found statement at line 4: -- For each unique combination of installed build servers we select one server.
-- The md5 checksum is computed from the names of the installed build servers, and
-- the selected server is the server which the user chose for this workspace.
create table chosen_build_server(
  md5 varchar primary key,
  selected_server varchar,
  when_recorded timestamp
)
17:42:26.479 [pool-1-thread-1] DEBUG org.flywaydb.core.internal.command.DbMigrate -- Starting migration of schema "PUBLIC" to version "2 - Server discovery" ...
17:42:26.479 [pool-1-thread-1] INFO org.flywaydb.core.internal.command.DbMigrate -- Migrating schema "PUBLIC" to version "2 - Server discovery"
17:42:26.479 [pool-1-thread-1] DEBUG org.flywaydb.core.internal.sqlscript.DefaultSqlScriptExecutor -- Executing SQL: -- For each unique combination of installed build servers we select one server.
-- The md5 checksum is computed from the names of the installed build servers, and
-- the selected server is the server which the user chose for this workspace.
create table chosen_build_server(
  md5 varchar primary key,
  selected_server varchar,
  when_recorded timestamp
)
17:42:26.480 [pool-1-thread-1] DEBUG org.flywaydb.core.internal.sqlscript.DefaultSqlScriptExecutor -- 0 rows affected
17:42:26.480 [pool-1-thread-1] DEBUG org.flywaydb.core.internal.command.DbMigrate -- Successfully completed migration of schema "PUBLIC" to version "2 - Server discovery"
17:42:26.480 [pool-1-thread-1] DEBUG org.flywaydb.core.internal.schemahistory.JdbcTableSchemaHistory -- Schema History table "PUBLIC"."flyway_schema_history" successfully updated to reflect changes
17:42:26.481 [pool-1-thread-1] DEBUG org.flywaydb.core.internal.parser.Parser -- Parsing V3__Jar_symbols.sql ...
17:42:26.481 [pool-1-thread-1] DEBUG org.flywaydb.core.internal.sqlscript.ParserSqlScript -- Found statement at line 2: -- Indexed jars, the MD5 digest of path, modified time and size as key
create table indexed_jar(
  id int auto_increment unique,
  md5 varchar primary key
)
17:42:26.482 [pool-1-thread-1] DEBUG org.flywaydb.core.internal.sqlscript.ParserSqlScript -- Found statement at line 7: -- Top Level Symbols per jar, allow for multiple jars with same symbols and paths
create table toplevel_symbol(
  symbol varchar not null,
  path varchar not null,
  jar int,
  foreign key (jar) references indexed_jar (id) on delete cascade,
  primary key (jar, path, symbol)
)
17:42:26.482 [pool-1-thread-1] DEBUG org.flywaydb.core.internal.sqlscript.ParserSqlScript -- Found statement at line 15: -- Create index to speedup lookup of jar symbols
create index toplevel_symbol_jar on toplevel_symbol(jar)
17:42:26.482 [pool-1-thread-1] DEBUG org.flywaydb.core.internal.command.DbMigrate -- Starting migration of schema "PUBLIC" to version "3 - Jar symbols" ...
17:42:26.482 [pool-1-thread-1] INFO org.flywaydb.core.internal.command.DbMigrate -- Migrating schema "PUBLIC" to version "3 - Jar symbols"
17:42:26.483 [pool-1-thread-1] DEBUG org.flywaydb.core.internal.sqlscript.DefaultSqlScriptExecutor -- Executing SQL: -- Indexed jars, the MD5 digest of path, modified time and size as key
create table indexed_jar(
  id int auto_increment unique,
  md5 varchar primary key
)
17:42:26.484 [pool-1-thread-1] DEBUG org.flywaydb.core.internal.sqlscript.DefaultSqlScriptExecutor -- 0 rows affected
17:42:26.484 [pool-1-thread-1] DEBUG org.flywaydb.core.internal.sqlscript.DefaultSqlScriptExecutor -- Executing SQL: -- Top Level Symbols per jar, allow for multiple jars with same symbols and paths
create table toplevel_symbol(
  symbol varchar not null,
  path varchar not null,
  jar int,
  foreign key (jar) references indexed_jar (id) on delete cascade,
  primary key (jar, path, symbol)
)
17:42:26.486 [pool-1-thread-1] DEBUG org.flywaydb.core.internal.sqlscript.DefaultSqlScriptExecutor -- 0 rows affected
17:42:26.486 [pool-1-thread-1] DEBUG org.flywaydb.core.internal.sqlscript.DefaultSqlScriptExecutor -- Executing SQL: -- Create index to speedup lookup of jar symbols
create index toplevel_symbol_jar on toplevel_symbol(jar)
17:42:26.486 [pool-1-thread-1] DEBUG org.flywaydb.core.internal.sqlscript.DefaultSqlScriptExecutor -- 0 rows affected
17:42:26.486 [pool-1-thread-1] DEBUG org.flywaydb.core.internal.command.DbMigrate -- Successfully completed migration of schema "PUBLIC" to version "3 - Jar symbols"
17:42:26.487 [pool-1-thread-1] DEBUG org.flywaydb.core.internal.schemahistory.JdbcTableSchemaHistory -- Schema History table "PUBLIC"."flyway_schema_history" successfully updated to reflect changes
17:42:26.489 [pool-1-thread-1] DEBUG org.flywaydb.core.internal.parser.Parser -- Parsing V4__Fingerprints.sql ...
17:42:26.490 [pool-1-thread-1] DEBUG org.flywaydb.core.internal.sqlscript.ParserSqlScript -- Found statement at line 2: -- Fingerprints saved between invocations
create table fingerprints(
  path varchar not null,
  text varchar not null,
  md5 varchar not null,
  id int auto_increment unique
)
17:42:26.490 [pool-1-thread-1] DEBUG org.flywaydb.core.internal.command.DbMigrate -- Starting migration of schema "PUBLIC" to version "4 - Fingerprints" ...
17:42:26.490 [pool-1-thread-1] INFO org.flywaydb.core.internal.command.DbMigrate -- Migrating schema "PUBLIC" to version "4 - Fingerprints"
17:42:26.490 [pool-1-thread-1] DEBUG org.flywaydb.core.internal.sqlscript.DefaultSqlScriptExecutor -- Executing SQL: -- Fingerprints saved between invocations
create table fingerprints(
  path varchar not null,
  text varchar not null,
  md5 varchar not null,
  id int auto_increment unique
)
17:42:26.490 [pool-1-thread-1] DEBUG org.flywaydb.core.internal.sqlscript.DefaultSqlScriptExecutor -- 0 rows affected
17:42:26.491 [pool-1-thread-1] DEBUG org.flywaydb.core.internal.command.DbMigrate -- Successfully completed migration of schema "PUBLIC" to version "4 - Fingerprints"
17:42:26.491 [pool-1-thread-1] DEBUG org.flywaydb.core.internal.schemahistory.JdbcTableSchemaHistory -- Schema History table "PUBLIC"."flyway_schema_history" successfully updated to reflect changes
17:42:26.494 [pool-1-thread-1] INFO org.flywaydb.core.internal.command.DbMigrate -- Successfully applied 4 migrations to schema "PUBLIC", now at version v4 (execution time 00:00.006s)
17:42:26.499 [pool-1-thread-1] DEBUG org.flywaydb.core.FlywayExecutor -- Memory usage: 36 of 104M
2024.03.26 17:42:26 WARN  Build server is not auto-connectable.[0m
2024.03.26 17:42:29 INFO  no build target found for /Users/gukbeomlee/projects/zio-quickstart/src/main/scala/example/Main.scala. Using presentation compiler with project's scala-library version: 3.3.1[0m
3Ïõî 26, 2024 5:42:29 Ïò§ÌõÑ org.eclipse.lsp4j.jsonrpc.RemoteEndpoint handleCancellation
Í≤ΩÍ≥†: Unmatched cancel notification for request id 4
2024.03.26 17:42:29 WARN  no build target for: /Users/gukbeomlee/projects/zio-quickstart/src/main/scala/example/Main.scala[0m
2024.03.26 17:43:09 WARN  no build target for: /Users/gukbeomlee/projects/zio-quickstart/src/main/scala/example/Main.scala[0m
2024.03.26 17:43:11 WARN  no build target for: /Users/gukbeomlee/projects/zio-quickstart/src/main/scala/example/Main.scala[0m
2024.03.26 17:43:15 WARN  no build target for: /Users/gukbeomlee/projects/zio-quickstart/build.sbt[0m
2024.03.26 17:43:16 WARN  no build target for: /Users/gukbeomlee/projects/zio-quickstart/build.sbt[0m
2024.03.26 17:50:12 WARN  no build target for: /Users/gukbeomlee/projects/zio-quickstart/src/main/scala/example/Main.scala[0m
2024.03.26 17:50:13 WARN  no build target for: /Users/gukbeomlee/projects/zio-quickstart/src/main/scala/example/Main.scala[0m
2024.03.26 17:50:39 WARN  no build target for: /Users/gukbeomlee/projects/zio-quickstart/src/main/scala/example/Main.scala[0m
2024.03.26 17:50:54 WARN  no build target for: /Users/gukbeomlee/projects/zio-quickstart/src/main/scala/example/Main.scala[0m
2024.03.26 17:51:00 WARN  no build target for: /Users/gukbeomlee/projects/zio-quickstart/src/main/scala/example/Main.scala[0m
2024.03.26 17:51:02 WARN  no build target for: /Users/gukbeomlee/projects/zio-quickstart/src/main/scala/example/Main.scala[0m
2024.03.26 17:51:05 WARN  no build target for: /Users/gukbeomlee/projects/zio-quickstart/src/main/scala/example/Main.scala[0m
2024.03.26 17:51:05 WARN  no build target for: /Users/gukbeomlee/projects/zio-quickstart/src/main/scala/example/Main.scala[0m
2024.03.26 17:51:16 WARN  no build target for: /Users/gukbeomlee/projects/zio-quickstart/src/main/scala/example/Main.scala[0m
2024.03.26 17:51:20 WARN  no build target for: /Users/gukbeomlee/projects/zio-quickstart/src/main/scala/example/Main.scala[0m
2024.03.26 17:51:22 WARN  no build target for: /Users/gukbeomlee/projects/zio-quickstart/src/main/scala/example/Main.scala[0m
2024.03.26 17:51:35 WARN  no build target for: /Users/gukbeomlee/projects/zio-quickstart/src/main/scala/example/Main.scala[0m
2024.03.26 17:51:37 WARN  no build target for: /Users/gukbeomlee/projects/zio-quickstart/src/main/scala/example/Main.scala[0m
2024.03.26 17:51:39 WARN  no build target for: /Users/gukbeomlee/projects/zio-quickstart/src/main/scala/example/Main.scala[0m
2024.03.26 17:51:41 WARN  no build target for: /Users/gukbeomlee/projects/zio-quickstart/src/main/scala/example/Main.scala[0m
2024.03.26 17:51:42 WARN  no build target for: /Users/gukbeomlee/projects/zio-quickstart/src/main/scala/example/Main.scala[0m
2024.03.26 17:51:46 WARN  no build target for: /Users/gukbeomlee/projects/zio-quickstart/src/main/scala/example/Main.scala[0m
2024.03.26 17:51:49 WARN  no build target for: /Users/gukbeomlee/projects/zio-quickstart/src/main/scala/example/Main.scala[0m
2024.03.26 17:51:49 WARN  no build target for: /Users/gukbeomlee/projects/zio-quickstart/src/main/scala/example/Main.scala[0m
2024.03.26 17:51:58 WARN  no build target for: /Users/gukbeomlee/projects/zio-quickstart/src/main/scala/example/Main.scala[0m
2024.03.26 17:52:03 WARN  no build target for: /Users/gukbeomlee/projects/zio-quickstart/src/main/scala/example/Main.scala[0m
2024.03.26 17:52:06 WARN  no build target for: /Users/gukbeomlee/projects/zio-quickstart/src/main/scala/example/Main.scala[0m
3Ïõî 26, 2024 5:52:24 Ïò§ÌõÑ org.eclipse.lsp4j.jsonrpc.RemoteEndpoint handleCancellation
Í≤ΩÍ≥†: Unmatched cancel notification for request id 415
2024.03.26 17:52:27 WARN  no build target for: /Users/gukbeomlee/projects/zio-quickstart/src/main/scala/example/Main.scala[0m
2024.03.26 17:52:28 WARN  no build target for: /Users/gukbeomlee/projects/zio-quickstart/src/main/scala/example/Main.scala[0m
2024.03.26 17:52:29 WARN  no build target for: /Users/gukbeomlee/projects/zio-quickstart/src/main/scala/example/Main.scala[0m
2024.03.26 17:52:30 WARN  no build target for: /Users/gukbeomlee/projects/zio-quickstart/src/main/scala/example/Main.scala[0m
2024.03.26 17:52:30 WARN  no build target for: /Users/gukbeomlee/projects/zio-quickstart/src/main/scala/example/Main.scala[0m
2024.03.26 17:52:30 WARN  no build target for: /Users/gukbeomlee/projects/zio-quickstart/src/main/scala/example/Main.scala[0m
2024.03.26 17:52:51 WARN  no build target for: /Users/gukbeomlee/projects/zio-quickstart/src/main/scala/example/Main.scala[0m
2024.03.26 17:52:53 WARN  no build target for: /Users/gukbeomlee/projects/zio-quickstart/src/main/scala/example/Main.scala[0m
2024.03.26 17:52:55 WARN  no build target for: /Users/gukbeomlee/projects/zio-quickstart/src/main/scala/example/Main.scala[0m
2024.03.26 17:53:01 WARN  no build target for: /Users/gukbeomlee/projects/zio-quickstart/src/main/scala/example/Main.scala[0m
2024.03.26 17:53:04 WARN  no build target for: /Users/gukbeomlee/projects/zio-quickstart/src/main/scala/example/Main.scala[0m
2024.03.26 17:53:07 WARN  no build target for: /Users/gukbeomlee/projects/zio-quickstart/src/main/scala/example/Main.scala[0m
2024.03.26 17:53:13 WARN  no build target for: /Users/gukbeomlee/projects/zio-quickstart/src/main/scala/example/Main.scala[0m
2024.03.26 17:53:14 WARN  no build target for: /Users/gukbeomlee/projects/zio-quickstart/src/main/scala/example/Main.scala[0m
2024.03.26 17:53:20 WARN  no build target for: /Users/gukbeomlee/projects/zio-quickstart/src/main/scala/example/Main.scala[0m
3Ïõî 26, 2024 5:53:38 Ïò§ÌõÑ org.eclipse.lsp4j.jsonrpc.RemoteEndpoint handleCancellation
Í≤ΩÍ≥†: Unmatched cancel notification for request id 594
2024.03.26 17:53:39 WARN  no build target for: /Users/gukbeomlee/projects/zio-quickstart/src/main/scala/example/Main.scala[0m
2024.03.26 17:53:40 WARN  no build target for: /Users/gukbeomlee/projects/zio-quickstart/src/main/scala/example/Main.scala[0m
2024.03.26 17:53:41 WARN  no build target for: /Users/gukbeomlee/projects/zio-quickstart/src/main/scala/example/Main.scala[0m
2024.03.26 17:53:42 WARN  no build target for: /Users/gukbeomlee/projects/zio-quickstart/src/main/scala/example/Main.scala[0m
3Ïõî 26, 2024 5:53:52 Ïò§ÌõÑ org.eclipse.lsp4j.jsonrpc.RemoteEndpoint handleCancellation
Í≤ΩÍ≥†: Unmatched cancel notification for request id 634
2024.03.26 17:53:57 WARN  no build target for: /Users/gukbeomlee/projects/zio-quickstart/src/main/scala/example/Main.scala[0m
2024.03.26 17:53:58 WARN  no build target for: /Users/gukbeomlee/projects/zio-quickstart/src/main/scala/example/Main.scala[0m
2024.03.26 17:53:59 ERROR Failed to tokenize input for semantic tokens for /Users/gukbeomlee/projects/zio-quickstart/src/main/scala/example/Main.scala
scala.meta.tokenizers.TokenizeException: <input>:8: error: unclosed character literal
      println('')
              ^
	at scala.meta.internal.tokenizers.Reporter.syntaxError(Reporter.scala:23)
	at scala.meta.internal.tokenizers.Reporter.syntaxError$(Reporter.scala:23)
	at scala.meta.internal.tokenizers.Reporter$$anon$1.syntaxError(Reporter.scala:33)
	at scala.meta.internal.tokenizers.Reporter.syntaxError(Reporter.scala:25)
	at scala.meta.internal.tokenizers.Reporter.syntaxError$(Reporter.scala:25)
	at scala.meta.internal.tokenizers.Reporter$$anon$1.syntaxError(Reporter.scala:33)
	at scala.meta.internal.tokenizers.LegacyScanner.fetchSingleQuote$1(LegacyScanner.scala:407)
	at scala.meta.internal.tokenizers.LegacyScanner.fetchToken(LegacyScanner.scala:412)
	at scala.meta.internal.tokenizers.LegacyScanner.nextToken(LegacyScanner.scala:211)
	at scala.meta.internal.tokenizers.LegacyScanner.foreach(LegacyScanner.scala:1011)
	at scala.meta.internal.tokenizers.ScalametaTokenizer.uncachedTokenize(ScalametaTokenizer.scala:24)
	at scala.meta.internal.tokenizers.ScalametaTokenizer.$anonfun$tokenize$1(ScalametaTokenizer.scala:17)
	at scala.collection.concurrent.TrieMap.getOrElseUpdate(TrieMap.scala:962)
	at scala.meta.internal.tokenizers.ScalametaTokenizer.tokenize(ScalametaTokenizer.scala:17)
	at scala.meta.internal.tokenizers.ScalametaTokenizer$$anon$2.apply(ScalametaTokenizer.scala:332)
	at scala.meta.tokenizers.Api$XtensionTokenizeDialectInput.tokenize(Api.scala:25)
	at scala.meta.tokenizers.Api$XtensionTokenizeInputLike.tokenize(Api.scala:14)
	at scala.meta.internal.metals.SemanticTokensProvider$.getTokens(SemanticTokensProvider.scala:28)
	at scala.meta.internal.metals.SemanticTokensProvider$.provide(SemanticTokensProvider.scala:89)
	at scala.meta.internal.metals.Compilers.$anonfun$semanticTokens$3(Compilers.scala:541)
	at scala.concurrent.impl.Promise$Transformation.run(Promise.scala:467)
	at java.util.concurrent.ThreadPoolExecutor.runWorker(ThreadPoolExecutor.java:1136)
	at java.util.concurrent.ThreadPoolExecutor$Worker.run(ThreadPoolExecutor.java:635)
	at java.lang.Thread.run(Thread.java:840)
[0m
2024.03.26 17:53:59 WARN  no build target for: /Users/gukbeomlee/projects/zio-quickstart/src/main/scala/example/Main.scala[0m
2024.03.26 17:53:59 ERROR Failed to tokenize input for semantic tokens for /Users/gukbeomlee/projects/zio-quickstart/src/main/scala/example/Main.scala
scala.meta.tokenizers.TokenizeException: <input>:8: error: unclosed character literal
      println('')
              ^
	at scala.meta.internal.tokenizers.Reporter.syntaxError(Reporter.scala:23)
	at scala.meta.internal.tokenizers.Reporter.syntaxError$(Reporter.scala:23)
	at scala.meta.internal.tokenizers.Reporter$$anon$1.syntaxError(Reporter.scala:33)
	at scala.meta.internal.tokenizers.Reporter.syntaxError(Reporter.scala:25)
	at scala.meta.internal.tokenizers.Reporter.syntaxError$(Reporter.scala:25)
	at scala.meta.internal.tokenizers.Reporter$$anon$1.syntaxError(Reporter.scala:33)
	at scala.meta.internal.tokenizers.LegacyScanner.fetchSingleQuote$1(LegacyScanner.scala:407)
	at scala.meta.internal.tokenizers.LegacyScanner.fetchToken(LegacyScanner.scala:412)
	at scala.meta.internal.tokenizers.LegacyScanner.nextToken(LegacyScanner.scala:211)
	at scala.meta.internal.tokenizers.LegacyScanner.foreach(LegacyScanner.scala:1011)
	at scala.meta.internal.tokenizers.ScalametaTokenizer.uncachedTokenize(ScalametaTokenizer.scala:24)
	at scala.meta.internal.tokenizers.ScalametaTokenizer.$anonfun$tokenize$1(ScalametaTokenizer.scala:17)
	at scala.collection.concurrent.TrieMap.getOrElseUpdate(TrieMap.scala:962)
	at scala.meta.internal.tokenizers.ScalametaTokenizer.tokenize(ScalametaTokenizer.scala:17)
	at scala.meta.internal.tokenizers.ScalametaTokenizer$$anon$2.apply(ScalametaTokenizer.scala:332)
	at scala.meta.tokenizers.Api$XtensionTokenizeDialectInput.tokenize(Api.scala:25)
	at scala.meta.tokenizers.Api$XtensionTokenizeInputLike.tokenize(Api.scala:14)
	at scala.meta.internal.metals.SemanticTokensProvider$.getTokens(SemanticTokensProvider.scala:28)
	at scala.meta.internal.metals.SemanticTokensProvider$.provide(SemanticTokensProvider.scala:89)
	at scala.meta.internal.metals.Compilers.$anonfun$semanticTokens$3(Compilers.scala:541)
	at scala.concurrent.impl.Promise$Transformation.run(Promise.scala:467)
	at java.util.concurrent.ThreadPoolExecutor.runWorker(ThreadPoolExecutor.java:1136)
	at java.util.concurrent.ThreadPoolExecutor$Worker.run(ThreadPoolExecutor.java:635)
	at java.lang.Thread.run(Thread.java:840)
[0m
2024.03.26 17:54:02 WARN  no build target for: /Users/gukbeomlee/projects/zio-quickstart/src/main/scala/example/Main.scala[0m
2024.03.26 17:54:03 WARN  no build target for: /Users/gukbeomlee/projects/zio-quickstart/src/main/scala/example/Main.scala[0m
2024.03.26 17:54:16 WARN  no build target for: /Users/gukbeomlee/projects/zio-quickstart/src/main/scala/example/Main.scala[0m
2024.03.26 17:54:20 WARN  no build target for: /Users/gukbeomlee/projects/zio-quickstart/src/main/scala/example/Main.scala[0m
2024.03.26 17:54:22 WARN  no build target for: /Users/gukbeomlee/projects/zio-quickstart/src/main/scala/example/Main.scala[0m
2024.03.26 17:54:37 WARN  no build target for: /Users/gukbeomlee/projects/zio-quickstart/src/main/scala/example/Main.scala[0m
2024.03.26 17:55:08 WARN  no build target for: /Users/gukbeomlee/projects/zio-quickstart/src/main/scala/example/Main.scala[0m
2024.03.26 17:55:20 WARN  no build target for: /Users/gukbeomlee/projects/zio-quickstart/src/main/scala/example/Main.scala[0m
2024.03.26 17:55:37 WARN  no build target for: /Users/gukbeomlee/projects/zio-quickstart/src/main/scala/example/Main.scala[0m
2024.03.26 17:55:40 WARN  no build target for: /Users/gukbeomlee/projects/zio-quickstart/src/main/scala/example/Main.scala[0m
2024.03.26 17:55:57 WARN  no build target for: /Users/gukbeomlee/projects/zio-quickstart/src/main/scala/example/Main.scala[0m
2024.03.26 17:56:05 WARN  no build target for: /Users/gukbeomlee/projects/zio-quickstart/src/main/scala/example/Main.scala[0m
2024.03.26 17:56:17 WARN  no build target for: /Users/gukbeomlee/projects/zio-quickstart/src/main/scala/example/Main.scala[0m
2024.03.26 17:56:32 WARN  no build target for: /Users/gukbeomlee/projects/zio-quickstart/src/main/scala/example/Main.scala[0m
2024.03.26 17:56:33 WARN  no build target for: /Users/gukbeomlee/projects/zio-quickstart/src/main/scala/example/Main.scala[0m
2024.03.26 17:56:35 WARN  no build target for: /Users/gukbeomlee/projects/zio-quickstart/src/main/scala/example/Main.scala[0m
2024.03.26 17:56:37 WARN  no build target for: /Users/gukbeomlee/projects/zio-quickstart/src/main/scala/example/Main.scala[0m
2024.03.26 17:56:39 WARN  no build target for: /Users/gukbeomlee/projects/zio-quickstart/src/main/scala/example/Main.scala[0m
2024.03.26 17:56:40 WARN  no build target for: /Users/gukbeomlee/projects/zio-quickstart/src/main/scala/example/Main.scala[0m
2024.03.26 17:56:57 WARN  no build target for: /Users/gukbeomlee/projects/zio-quickstart/src/main/scala/example/Main.scala[0m
2024.03.26 17:57:00 WARN  no build target for: /Users/gukbeomlee/projects/zio-quickstart/src/main/scala/example/Main.scala[0m
2024.03.26 17:57:01 WARN  no build target for: /Users/gukbeomlee/projects/zio-quickstart/src/main/scala/example/Main.scala[0m
3Ïõî 26, 2024 5:57:02 Ïò§ÌõÑ org.eclipse.lsp4j.jsonrpc.RemoteEndpoint handleCancellation
Í≤ΩÍ≥†: Unmatched cancel notification for request id 1016
2024.03.26 17:57:06 WARN  no build target for: /Users/gukbeomlee/projects/zio-quickstart/src/main/scala/example/Main.scala[0m
2024.03.26 17:57:07 WARN  no build target for: /Users/gukbeomlee/projects/zio-quickstart/src/main/scala/example/Main.scala[0m
2024.03.26 17:57:41 WARN  no build target for: /Users/gukbeomlee/projects/zio-quickstart/src/main/scala/example/Main.scala[0m
2024.03.26 17:57:45 WARN  no build target for: /Users/gukbeomlee/projects/zio-quickstart/src/main/scala/example/Main.scala[0m
3Ïõî 26, 2024 5:57:48 Ïò§ÌõÑ scala.meta.internal.pc.CompilerAccess handleError
Ïã¨Í∞Å: A severe compiler error occurred, full details of the error can be found in the error report /Users/gukbeomlee/projects/zio-quickstart/.metals/.reports/metals-full/2024-03-26/r_compiler-error_17-57-48-294.md
2024.03.26 17:57:48 WARN  no build target for: /Users/gukbeomlee/projects/zio-quickstart/src/main/scala/example/Main.scala[0m
2024.03.26 17:57:57 WARN  no build target for: /Users/gukbeomlee/projects/zio-quickstart/src/main/scala/example/Main.scala[0m
2024.03.26 17:57:58 WARN  no build target for: /Users/gukbeomlee/projects/zio-quickstart/src/main/scala/example/Main.scala[0m
2024.03.26 17:58:00 WARN  no build target for: /Users/gukbeomlee/projects/zio-quickstart/src/main/scala/example/Main.scala[0m
2024.03.26 17:58:22 WARN  no build target for: /Users/gukbeomlee/projects/zio-quickstart/src/main/scala/example/Main.scala[0m
2024.03.26 17:58:23 WARN  no build target for: /Users/gukbeomlee/projects/zio-quickstart/src/main/scala/example/Main.scala[0m
2024.03.26 17:58:24 WARN  no build target for: /Users/gukbeomlee/projects/zio-quickstart/src/main/scala/example/Main.scala[0m
2024.03.26 17:58:25 WARN  no build target for: /Users/gukbeomlee/projects/zio-quickstart/src/main/scala/example/Main.scala[0m
2024.03.26 17:58:26 WARN  no build target for: /Users/gukbeomlee/projects/zio-quickstart/src/main/scala/example/Main.scala[0m
2024.03.26 17:58:28 WARN  no build target for: /Users/gukbeomlee/projects/zio-quickstart/src/main/scala/example/Main.scala[0m
2024.03.26 17:58:29 WARN  no build target for: /Users/gukbeomlee/projects/zio-quickstart/src/main/scala/example/Main.scala[0m
2024.03.26 17:58:30 WARN  no build target for: /Users/gukbeomlee/projects/zio-quickstart/src/main/scala/example/Main.scala[0m
2024.03.26 17:58:31 WARN  no build target for: /Users/gukbeomlee/projects/zio-quickstart/src/main/scala/example/Main.scala[0m
2024.03.26 17:58:32 WARN  no build target for: /Users/gukbeomlee/projects/zio-quickstart/src/main/scala/example/Main.scala[0m
2024.03.26 17:58:44 WARN  no build target for: /Users/gukbeomlee/projects/zio-quickstart/src/main/scala/example/Main.scala[0m
2024.03.26 17:58:45 WARN  no build target for: /Users/gukbeomlee/projects/zio-quickstart/src/main/scala/example/Main.scala[0m
2024.03.26 17:58:48 WARN  no build target for: /Users/gukbeomlee/projects/zio-quickstart/src/main/scala/example/Main.scala[0m
2024.03.26 17:58:50 WARN  no build target for: /Users/gukbeomlee/projects/zio-quickstart/src/main/scala/example/Main.scala[0m
2024.03.26 17:58:54 WARN  no build target for: /Users/gukbeomlee/projects/zio-quickstart/src/main/scala/example/Main.scala[0m
2024.03.26 17:58:56 WARN  no build target for: /Users/gukbeomlee/projects/zio-quickstart/src/main/scala/example/Main.scala[0m
2024.03.26 17:59:07 WARN  no build target for: /Users/gukbeomlee/projects/zio-quickstart/src/main/scala/example/Main.scala[0m
2024.03.26 17:59:08 WARN  no build target for: /Users/gukbeomlee/projects/zio-quickstart/src/main/scala/example/Main.scala[0m
2024.03.26 17:59:10 WARN  no build target for: /Users/gukbeomlee/projects/zio-quickstart/src/main/scala/example/Main.scala[0m
2024.03.26 17:59:45 WARN  no build target for: /Users/gukbeomlee/projects/zio-quickstart/src/main/scala/example/Main.scala[0m
2024.03.26 17:59:47 WARN  no build target for: /Users/gukbeomlee/projects/zio-quickstart/src/main/scala/example/Main.scala[0m
2024.03.26 17:59:50 WARN  no build target for: /Users/gukbeomlee/projects/zio-quickstart/src/main/scala/example/Main.scala[0m
2024.03.26 18:00:02 WARN  no build target for: /Users/gukbeomlee/projects/zio-quickstart/src/main/scala/example/Main.scala[0m
3Ïõî 26, 2024 6:00:13 Ïò§ÌõÑ org.eclipse.lsp4j.jsonrpc.RemoteEndpoint handleCancellation
Í≤ΩÍ≥†: Unmatched cancel notification for request id 1474
2024.03.26 18:00:15 WARN  no build target for: /Users/gukbeomlee/projects/zio-quickstart/src/main/scala/example/Main.scala[0m
